C51 COMPILER V9.60.7.0   MAIN                                                              03/16/2026 17:41:43 PAGE 1   


C51 COMPILER V9.60.7.0, COMPILATION OF MODULE MAIN
OBJECT MODULE PLACED IN .\Objects\main.obj
COMPILER INVOKED BY: E:\TOOLS\Keil5\MDK\C51\BIN\C51.EXE main.c OPTIMIZE(8,SPEED) BROWSE INCDIR(..\Driver) DEBUG OBJECTEX
                    -TEND PRINT(.\Listings\main.lst) OBJECT(.\Objects\main.obj)

line level    source

   1          #include <reg52.h>
   2          #include "Matrix.h"
   3          
   4          extern unsigned char heart[];
   5          extern unsigned char smile[];
   6          extern unsigned char code Animation[];
   7          extern unsigned char code string1[];
   8          
   9          void main() {
  10   1          Init_74HC595(); 
  11   1          while(1) {
  12   2              // MatrixLED_ShowFrame(smile);
  13   2              MatrixLED_Scrolling(Animation, 48, 15);
  14   2          }
  15   1      }


MODULE INFORMATION:   STATIC OVERLAYABLE
   CODE SIZE        =     19    ----
   CONSTANT SIZE    =   ----    ----
   XDATA SIZE       =   ----    ----
   PDATA SIZE       =   ----    ----
   DATA SIZE        =   ----    ----
   IDATA SIZE       =   ----    ----
   BIT SIZE         =   ----    ----
END OF MODULE INFORMATION.


C51 COMPILATION COMPLETE.  0 WARNING(S),  0 ERROR(S)
