C51 COMPILER V9.60.7.0   UART                                                              03/11/2026 12:32:39 PAGE 1   


C51 COMPILER V9.60.7.0, COMPILATION OF MODULE UART
OBJECT MODULE PLACED IN .\Objects\Uart.obj
COMPILER INVOKED BY: E:\TOOLS\Keil5\MDK\C51\BIN\C51.EXE ..\Driver\Uart.c OPTIMIZE(8,SPEED) BROWSE INCDIR(..\Driver) DEBU
                    -G OBJECTEXTEND PRINT(.\Listings\Uart.lst) OBJECT(.\Objects\Uart.obj)

line level    source

   1          #include <Uart.h>
   2          #include <stdio.h>//标准库
   3          
   4          /* 串口初始化函数 */
   5          void UartInit(void)     // 9600bps @ 12.000MHz
   6          {
   7   1          SCON = 0x50;        // 8位数据, 可变波特率
   8   1          TMOD &= 0x0F;       // 清除定时器1设置
   9   1          TMOD |= 0x20;       // 设置定时器1为8位自动重装模式
  10   1          
  11   1          // 波特率计算公式: TH1 = 256 - (晶振频率 / 12 / 32 / 波特率)
  12   1          // 12MHz 下 9600 波特率误差较大，建议使用 0xFD
  13   1          TH1 = 0xFD;         
  14   1          TL1 = 0xFD;         
  15   1          
  16   1          TR1 = 1;            // 启动定时器1
  17   1          ES = 1;             // 开启串口中断
  18   1          EA = 1;             // 开启总中断
  19   1      }
  20          /* 字节发送函数 */
  21          void SendByte(unsigned char dat)
  22          {
  23   1              SBUF=dat;//将dat数据赋给SBUF，将数据发送出去
  24   1              while(TI == 0);//等待数据发送
  25   1              TI = 0;//将发送标志位清零
  26   1      }
  27          
  28          /* 字符串发送函数 */
  29          void Uart_Send_String(unsigned char *dat)
  30          {
  31   1              while(*dat != '\0')//当字符不为空时，继续发送
  32   1                      SendByte(*dat++);//发送后指针dat加1，指向下一个字节
  33   1      }
  34          
  35          /* 重写 putchar 函数 */
  36          char putchar(char c)
  37          {
  38   1          SendByte(c); // 调用你写好的字节发送函数
  39   1          return c;
  40   1      }


MODULE INFORMATION:   STATIC OVERLAYABLE
   CODE SIZE        =     72    ----
   CONSTANT SIZE    =   ----    ----
   XDATA SIZE       =   ----    ----
   PDATA SIZE       =   ----    ----
   DATA SIZE        =   ----       3
   IDATA SIZE       =   ----    ----
   BIT SIZE         =   ----    ----
END OF MODULE INFORMATION.


C51 COMPILATION COMPLETE.  0 WARNING(S),  0 ERROR(S)
