C51 COMPILER V9.60.7.0   MAIN                                                              03/11/2026 12:20:06 PAGE 1   


C51 COMPILER V9.60.7.0, COMPILATION OF MODULE MAIN
OBJECT MODULE PLACED IN .\Objects\main.obj
COMPILER INVOKED BY: E:\TOOLS\Keil5\MDK\C51\BIN\C51.EXE main.c OPTIMIZE(8,SPEED) BROWSE INCDIR(..\Driver) DEBUG OBJECTEX
                    -TEND PRINT(.\Listings\main.lst) OBJECT(.\Objects\main.obj)

line level    source

   1          /* 头文件声明区 */
   2          #include <reg52.h>
   3          #include <intrins.h>
   4          //#include "Key.h"
   5          #include "Seg.h"
   6          
   7          
   8          /* 变量声明区 */
   9          unsigned char Seg_Slow_Down;                           // 数码管减速
  10          unsigned char Seg_Pos;                                 // 数码管扫描专用变量
  11          unsigned char Seg_Buf[8] = {1, 2, 3, 4, 5, 6, 7, 8};   // 数码管显示数组 默认熄灭
  12          unsigned char Seg_Point[8] = {0, 0, 0, 0, 0, 0, 0, 0}; // 数码管小数点显示数组 默认熄灭
  13          
  14          /* 信息处理函数 */
  15          void Seg_Proc()
  16          {
  17   1      }
  18          
  19          /* 定时器0初始化函数 */
  20          void Timer0_Init(void) // 1毫秒@12.000MHz
  21          {
  22   1          TMOD &= 0xF0; // 设置定时器模式
  23   1          TMOD |= 0x01; // 设置定时器模式
  24   1          TL0 = 0x18;   // 设置定时初始值
  25   1          TH0 = 0xFC;   // 设置定时初始值
  26   1          TF0 = 0;      // 清除TF0标志
  27   1          TR0 = 1;      // 定时器0开始计时
  28   1          ET0 = 1;      // 打开定时器0中断
  29   1          EA = 1;       // 打开总中断
  30   1      }
  31          
  32          /* 定时器0中断服务函数 */
  33          void Timer0Sever() interrupt 1
  34          {
  35   1          TL0 = 0x18; // 设置定时初始值
  36   1          TH0 = 0xFC; // 设置定时初始值
  37   1      
  38   1          if (++Seg_Slow_Down == 200)
  39   1              Seg_Slow_Down = 0; // 数码管扫描 200ms
  40   1          if (++Seg_Pos == 8)
  41   1              Seg_Pos = 0; // 0-7之间循环扫描
  42   1      
  43   1          Seg_Disp(Seg_Pos, Seg_Buf[Seg_Pos], Seg_Point[Seg_Pos]); // 动态显示
  44   1      }
  45          
  46          /* 主函数 */
  47          void main()
  48          {
  49   1          Timer0_Init(); // 定时器0初始化
  50   1          while (1)
  51   1          {
  52   2              Seg_Proc();
  53   2          }
  54   1      }
C51 COMPILER V9.60.7.0   MAIN                                                              03/11/2026 12:20:06 PAGE 2   



MODULE INFORMATION:   STATIC OVERLAYABLE
   CODE SIZE        =    131    ----
   CONSTANT SIZE    =   ----    ----
   XDATA SIZE       =   ----    ----
   PDATA SIZE       =   ----    ----
   DATA SIZE        =     18    ----
   IDATA SIZE       =   ----    ----
   BIT SIZE         =   ----    ----
END OF MODULE INFORMATION.


C51 COMPILATION COMPLETE.  0 WARNING(S),  0 ERROR(S)
