C51 COMPILER V9.60.7.0   SEG                                                               03/11/2026 11:53:59 PAGE 1   


C51 COMPILER V9.60.7.0, COMPILATION OF MODULE SEG
OBJECT MODULE PLACED IN .\Objects\Seg.obj
COMPILER INVOKED BY: E:\TOOLS\Keil5\MDK\C51\BIN\C51.EXE ..\Driver\Seg.c OPTIMIZE(8,SPEED) BROWSE INCDIR(..\Driver) DEBUG
                    - OBJECTEXTEND PRINT(.\Listings\Seg.lst) OBJECT(.\Objects\Seg.obj)

line level    source

   1          #include "Seg.h"
   2          
   3          sbit DU = P2 ^ 6;  // 数码管段选控制
   4          sbit WEI = P2 ^ 7; // 数码管位选控制
   5          
   6          // 数码管段码表
   7          unsigned char seg_duan[] = {
   8                  0x3F, 0x06, 0x5B, 0x4F, 0x66, 0x6D, 0x7D, 0x07, 0x7F, 0x6F, // 0-9
   9                  0x77, 0x7c, 0x39, 0x5e, 0x79, 0x71,                                                     // 10-15 (A-F)
  10                  0x00                                                                                                            // 16 (全灭)
  11          };
  12          
  13          // 数码管位选表 (低电平有效)
  14          unsigned char seg_wei[] = {0xFE, 0xFD, 0xFB, 0xF7, 0xEF, 0xDF, 0xBF, 0x7F};
  15          
  16          // 数码管显示函数
  17          void Seg_Disp(unsigned char wei, unsigned char duan, unsigned char point)
  18          {
  19   1              P0 = 0x00; // 消隐
  20   1              DU = 1;
  21   1              DU = 0;
  22   1      
  23   1              P0 = seg_wei[wei];
  24   1              WEI = 1;
  25   1              WEI = 0;
  26   1      
  27   1              P0 = seg_duan[duan];
  28   1              if (point)
  29   1                      P0 |= 0x80; // 将最高位置1
  30   1              DU = 1;
  31   1              DU = 0;
  32   1      }


MODULE INFORMATION:   STATIC OVERLAYABLE
   CODE SIZE        =     36    ----
   CONSTANT SIZE    =   ----    ----
   XDATA SIZE       =   ----    ----
   PDATA SIZE       =   ----    ----
   DATA SIZE        =     25    ----
   IDATA SIZE       =   ----    ----
   BIT SIZE         =   ----    ----
END OF MODULE INFORMATION.


C51 COMPILATION COMPLETE.  0 WARNING(S),  0 ERROR(S)
