C51 COMPILER V9.60.7.0   MAIN                                                              03/11/2026 12:33:02 PAGE 1   


C51 COMPILER V9.60.7.0, COMPILATION OF MODULE MAIN
OBJECT MODULE PLACED IN .\Objects\main.obj
COMPILER INVOKED BY: E:\TOOLS\Keil5\MDK\C51\BIN\C51.EXE main.c OPTIMIZE(8,SPEED) BROWSE INCDIR(..\Driver) DEBUG OBJECTEX
                    -TEND PRINT(.\Listings\main.lst) OBJECT(.\Objects\main.obj)

line level    source

   1          /* 头文件声明区 */
   2          #include <reg52.h>
   3          #include <intrins.h>
   4          #include <stdio.h>//标准库
   5          #include <string.h>
   6          #include <Key.h>
   7          #include <Uart.h>
   8          
   9          /*引脚定义 */
  10          sbit LED1 = P1^0;
  11          
  12          /* 变量声明区 */
  13          unsigned char Key_Slow_Down;//按键减速
  14          unsigned char Key_Val,Key_Old,Key_Down,Key_Up;
  15          unsigned char Uart_Slow_Down;//串口减速专用变量
  16          unsigned char Uart_Recv[10];//串口接收数据储存数组
  17          unsigned char Uart_Recv_Index;//串口接收数组指针
  18          unsigned char Uart_Send[10];//串口接收数据储存数组 
  19          unsigned int cnt = 0;
  20          unsigned int Timer = 0;
  21          bit Flag = 0;
  22          
  23          /* 按键处理函数 */
  24          void Key_Proc()
  25          {
  26   1          if(Key_Slow_Down) return;//阀门
  27   1          Key_Slow_Down = 1;
  28   1      
  29   1              Key_Val = Key_Read();//实时读取键码值
  30   1          Key_Down = Key_Val & (Key_Old ^ Key_Val);//读取下降沿
  31   1          Key_Up = ~Key_Val & (Key_Old ^ Key_Val);//读取上升沿
  32   1          Key_Old = Key_Val;//传递旧值
  33   1      
  34   1              /* 按键操作逻辑 */
  35   1              if(Key_Down == 1) LED1 = ~LED1;
  36   1      
  37   1      }
  38          
  39          /* 串口处理函数 */
  40          void Uart_Proc()
  41          {
  42   1              if(Uart_Slow_Down) return;
  43   1              Uart_Slow_Down = 1;//串口减速程序 
  44   1      
  45   1              
  46   1      }
  47          
  48          /* 定时器0初始化函数 */
  49          void Timer0_Init(void)          //1毫秒@12.000MHz
  50          {
  51   1              TMOD &= 0xF0;                   //设置定时器模式
  52   1              TMOD |= 0x01;                   //设置定时器模式
  53   1              TL0 = 0x18;                             //设置定时初始值
  54   1              TH0 = 0xFC;                             //设置定时初始值
C51 COMPILER V9.60.7.0   MAIN                                                              03/11/2026 12:33:02 PAGE 2   

  55   1              TF0 = 0;                                //清除TF0标志
  56   1              TR0 = 1;                                //定时器0开始计时
  57   1              ET0 = 1;                                //开定时器0中断
  58   1              EA = 1;                                 //开总中断
  59   1      }
  60          
  61           
  62          /* 定时器0中断服务函数 */
  63          void Timer0Sever() interrupt 1  //1ms
  64          {
  65   1              //重装载（89C52）
  66   1              TL0 = 0x18;                             //设置定时初始值
  67   1              TH0 = 0xFC;                             //设置定时初始值
  68   1      
  69   1          if(++Key_Slow_Down == 10) Key_Slow_Down = 0;//按键轮询 10ms
  70   1              if(++Uart_Slow_Down == 200) Uart_Slow_Down = 0;//串口轮询 200ms
  71   1      
  72   1      
  73   1      }
  74          
  75          /* 串口1中断服务函数 */
  76          void Uart1Server() interrupt 4
  77          {
  78   1              if(RI == 1) //串口接收数据
  79   1              {
  80   2                      Uart_Recv[Uart_Recv_Index] = SBUF;
  81   2                      Uart_Recv_Index++;
  82   2                      RI = 0;
  83   2              }
  84   1      }
  85          
  86          void main() 
  87          {
  88   1              Timer0_Init();
  89   1              UartInit();
  90   1      
  91   1              Uart_Send_String("Hello World!\r\n");
  92   1              printf("你好，世界！\r\n");
  93   1      
  94   1          while (1)
  95   1              {
  96   2                      Uart_Proc();
  97   2                      
  98   2          }
  99   1      }
 100          


MODULE INFORMATION:   STATIC OVERLAYABLE
   CODE SIZE        =    161    ----
   CONSTANT SIZE    =     36    ----
   XDATA SIZE       =   ----    ----
   PDATA SIZE       =   ----    ----
   DATA SIZE        =     31    ----
   IDATA SIZE       =   ----    ----
   BIT SIZE         =      1    ----
END OF MODULE INFORMATION.


C51 COMPILATION COMPLETE.  0 WARNING(S),  0 ERROR(S)
