C51 COMPILER V9.60.7.0   KEY                                                               03/11/2026 11:58:41 PAGE 1   


C51 COMPILER V9.60.7.0, COMPILATION OF MODULE KEY
OBJECT MODULE PLACED IN .\Objects\Key.obj
COMPILER INVOKED BY: E:\TOOLS\Keil5\MDK\C51\BIN\C51.EXE ..\Driver\Key.c OPTIMIZE(8,SPEED) BROWSE INCDIR(..\Driver) DEBUG
                    - OBJECTEXTEND PRINT(.\Listings\Key.lst) OBJECT(.\Objects\Key.obj)

line level    source

   1          #include "Key.h"
   2          
   3          
   4          //矩阵键盘
   5          unsigned char Key_Read()
   6          {
   7   1          unsigned char temp = 0;
   8   1      
   9   1          // --- 扫描第 1 列：P3.0 置低---
  10   1          P3 = 0xFE; //1111 1110
  11   1          if((P3 & 0x10) == 0) temp = 1;  // 检测 P3.4 (S1)
  12   1          if((P3 & 0x20) == 0) temp = 2;  // 检测 P3.5 (S2)
  13   1          if((P3 & 0x40) == 0) temp = 3;  // 检测 P3.6 (S3)
  14   1          if((P3 & 0x80) == 0) temp = 4;  // 检测 P3.7 (S4)
  15   1      
  16   1          // --- 扫描第 2 列：P3.1 置低---
  17   1          P3 = 0xFD; // 1111 1101
  18   1          if((P3 & 0x10) == 0) temp = 5;  // 检测 P3.4 (S5)
  19   1          if((P3 & 0x20) == 0) temp = 6;  // 检测 P3.5 (S6)
  20   1          if((P3 & 0x40) == 0) temp = 7;  // 检测 P3.6 (S7)
  21   1          if((P3 & 0x80) == 0) temp = 8;  // 检测 P3.7 (S8)
  22   1      
  23   1          // --- 扫描第 3 列：P3.2 置低---
  24   1          P3 = 0xFB; //1111 1011
  25   1          if((P3 & 0x10) == 0) temp = 9;  // 检测 P3.4 (S9)
  26   1          if((P3 & 0x20) == 0) temp = 10; // 检测 P3.5 (S10)
  27   1          if((P3 & 0x40) == 0) temp = 11; // 检测 P3.6 (S11)
  28   1          if((P3 & 0x80) == 0) temp = 12; // 检测 P3.7 (S12)
  29   1      
  30   1          // --- 扫描第 4 列：P3.3 置低---
  31   1          P3 = 0xF7; //1111 0111
  32   1          if((P3 & 0x10) == 0) temp = 13; // 检测 P3.4 (S13)
  33   1          if((P3 & 0x20) == 0) temp = 14; // 检测 P3.5 (S14)
  34   1          if((P3 & 0x40) == 0) temp = 15; // 检测 P3.6 (S15)
  35   1          if((P3 & 0x80) == 0) temp = 16; // 检测 P3.7 (S16)
  36   1      
  37   1          return temp;
  38   1      }
  39          
  40          // // 独立按键
  41          // unsigned char Key_Read()
  42          // {
  43          //     unsigned char temp = 0;
  44          
  45          //     if((P3 & 0x01) == 0) temp = 1; 
  46          //     if((P3 & 0x02) == 0) temp = 2;
  47          //     if((P3 & 0x04) == 0) temp = 3; 
  48          //     if((P3 & 0x08) == 0) temp = 4;
  49          
  50          //     return temp;
  51          // }


MODULE INFORMATION:   STATIC OVERLAYABLE
C51 COMPILER V9.60.7.0   KEY                                                               03/11/2026 11:58:41 PAGE 2   

   CODE SIZE        =    126    ----
   CONSTANT SIZE    =   ----    ----
   XDATA SIZE       =   ----    ----
   PDATA SIZE       =   ----    ----
   DATA SIZE        =   ----    ----
   IDATA SIZE       =   ----    ----
   BIT SIZE         =   ----    ----
END OF MODULE INFORMATION.


C51 COMPILATION COMPLETE.  0 WARNING(S),  0 ERROR(S)
