C51 COMPILER V9.60.7.0   MAIN                                                              03/16/2026 17:06:35 PAGE 1   


C51 COMPILER V9.60.7.0, COMPILATION OF MODULE MAIN
OBJECT MODULE PLACED IN .\Objects\main.obj
COMPILER INVOKED BY: E:\TOOLS\Keil5\MDK\C51\BIN\C51.EXE main.c OPTIMIZE(8,SPEED) BROWSE INCDIR(..\Driver) DEBUG OBJECTEX
                    -TEND PRINT(.\Listings\main.lst) OBJECT(.\Objects\main.obj)

line level    source

   1          #include <reg52.h>
   2          #include <intrins.h>
   3          #include "Seg.h"
   4          #include "onewire.h"
   5          
   6          /* 变量声明区 */
   7          unsigned char Seg_Slow_Down; // 数码管减速
   8          unsigned char Seg_Pos;       // 数码管扫描专用变量
   9          unsigned char Seg_Buf[8] = {16,16,16,16,16,16,16,16}; // 默认熄灭
  10          unsigned char Seg_Point[8] = {0,0,0,0,0,0,0,0};      // 默认熄灭
  11          
  12          /* 温度 */
  13          float t;
  14          
  15          /* 信息处理函数 */
  16          void Seg_Proc()
  17          {
  18   1          if(Seg_Slow_Down) return; 
  19   1          Seg_Slow_Down = 0;
  20   1      
  21   1          t = Read_Temperature();
  22   1          
  23   1          Seg_Buf[0] = (unsigned char)t / 10 % 10;
  24   1          Seg_Buf[1] = (unsigned char)t % 10;
  25   1          Seg_Point[1] = 1; // 小数点
  26   1          Seg_Buf[2] = (unsigned char)(t * 10) % 10;
  27   1      }
  28          
  29          /* 定时器0初始化函数 */
  30          void Timer0_Init(void)      // 1毫秒@12.000MHz
  31          {
  32   1          // AUXR &= 0x7F;           // 12T模式
  33   1          TMOD &= 0xF0;           
  34   1          TMOD |= 0x01;           
  35   1          TL0 = 0x18;             
  36   1          TH0 = 0xFC;             
  37   1          TF0 = 0;                
  38   1          TR0 = 1;                
  39   1          ET0 = 1;                
  40   1          EA = 1;                 
  41   1      }
  42          
  43          /* 定时器0中断服务函数 */
  44          void Timer0Sever() interrupt 1
  45          {
  46   1          TL0 = 0x18;             
  47   1          TH0 = 0xFC;             
  48   1      
  49   1          if(++Seg_Slow_Down == 200) Seg_Slow_Down = 0;//数码管扫描 200ms
  50   1          if(++Seg_Pos == 8) Seg_Pos = 0;
  51   1          Seg_Disp(Seg_Pos, Seg_Buf[Seg_Pos], Seg_Point[Seg_Pos]);
  52   1      }
  53          
  54          /* 主函数 */
C51 COMPILER V9.60.7.0   MAIN                                                              03/16/2026 17:06:35 PAGE 2   

  55          void main()
  56          {
  57   1          Timer0_Init();
  58   1          while(1)
  59   1          {
  60   2              Seg_Proc();
  61   2          }
  62   1      }


MODULE INFORMATION:   STATIC OVERLAYABLE
   CODE SIZE        =    203    ----
   CONSTANT SIZE    =   ----    ----
   XDATA SIZE       =   ----    ----
   PDATA SIZE       =   ----    ----
   DATA SIZE        =     22    ----
   IDATA SIZE       =   ----    ----
   BIT SIZE         =   ----    ----
END OF MODULE INFORMATION.


C51 COMPILATION COMPLETE.  0 WARNING(S),  0 ERROR(S)
