C51 COMPILER V9.60.7.0   MAIN                                                              03/26/2026 22:20:11 PAGE 1   


C51 COMPILER V9.60.7.0, COMPILATION OF MODULE MAIN
OBJECT MODULE PLACED IN .\Objects\main.obj
COMPILER INVOKED BY: E:\TOOLS\Keil5\MDK\C51\BIN\C51.EXE main.c OPTIMIZE(8,SPEED) BROWSE INCDIR(..\Driver) DEBUG OBJECTEX
                    -TEND PRINT(.\Listings\main.lst) OBJECT(.\Objects\main.obj)

line level    source

   1          /* 头文件声明区 */
   2          #include <intrins.h>
   3          #include <reg52.h>
   4          
   5          unsigned char tab[] = {0xFE, 0xFD, 0xFB, 0xF7, 0xEF, 0xDF, 0xBF,
   6                                 0x7F, 0xBF, 0xDF, 0xEF, 0xF7, 0xFB, 0xFD};
   7          
   8          
   9          /**
  10           * @brief  粗略延时函数（教学/调试用）
  11           * @param  i 延时单位（约 1ms @12MHz，受编译器优化影响）
  12           * @warning 仅用于仿真观察或非精确时序场合。
  13           */
  14          void Delay(unsigned int i) {
  15   1          unsigned char t;
  16   1          while (i--) {
  17   2              for (t = 0; t < 120; t++);
  18   2          }
  19   1      }
  20          
  21          
  22          
  23          void main() {
  24   1          unsigned char i;
  25   1          while (1) {
  26   2              for (i = 0; i < 14; i++) {
  27   3                  P1 = tab[i];
  28   3                  Delay(500);
  29   3              }
  30   2          }
  31   1      }
  32          


MODULE INFORMATION:   STATIC OVERLAYABLE
   CODE SIZE        =     44    ----
   CONSTANT SIZE    =   ----    ----
   XDATA SIZE       =   ----    ----
   PDATA SIZE       =   ----    ----
   DATA SIZE        =     14    ----
   IDATA SIZE       =   ----    ----
   BIT SIZE         =   ----    ----
END OF MODULE INFORMATION.


C51 COMPILATION COMPLETE.  0 WARNING(S),  0 ERROR(S)
