C51 COMPILER V9.60.7.0   MAIN                                                              03/11/2026 12:05:07 PAGE 1   


C51 COMPILER V9.60.7.0, COMPILATION OF MODULE MAIN
OBJECT MODULE PLACED IN .\Objects\main.obj
COMPILER INVOKED BY: E:\TOOLS\Keil5\MDK\C51\BIN\C51.EXE main.c OPTIMIZE(8,SPEED) BROWSE INCDIR(..\Driver) DEBUG OBJECTEX
                    -TEND PRINT(.\Listings\main.lst) OBJECT(.\Objects\main.obj)

line level    source

   1          #include <intrins.h>
   2          #include <reg52.h>
   3          
   4          unsigned char tab[] = {0xFE, 0xFD, 0xFB, 0xF7, 0xEF, 0xDF, 0xBF,
   5                                 0x7F, 0xBF, 0xDF, 0xEF, 0xF7, 0xFB, 0xFD};
   6          
   7          void Delayms(unsigned int xms);
   8          
   9          void main()
  10          {
  11   1          unsigned char i;
  12   1          while (1)
  13   1          {
  14   2              for (i = 0; i < sizeof(tab); i++)
  15   2              {
  16   3                  P1 = tab[i];
  17   3             //     Delayms(200);
  18   3              }
  19   2          }
  20   1      }
  21          
  22          void Delayms(unsigned int xms) //@12.000MHz
  23          {
  24   1          unsigned char i, j;
  25   1          while (xms)
  26   1          {
  27   2              i = 2;
  28   2              j = 239;
  29   2              do
  30   2              {
  31   3                  while (--j)
  32   3                      ;
  33   3              } while (--i);
  34   2              xms--;
  35   2          }
  36   1      }


MODULE INFORMATION:   STATIC OVERLAYABLE
   CODE SIZE        =     35    ----
   CONSTANT SIZE    =   ----    ----
   XDATA SIZE       =   ----    ----
   PDATA SIZE       =   ----    ----
   DATA SIZE        =     14    ----
   IDATA SIZE       =   ----    ----
   BIT SIZE         =   ----    ----
END OF MODULE INFORMATION.


C51 COMPILATION COMPLETE.  0 WARNING(S),  0 ERROR(S)
